<?xml version="1.0" encoding="UTF-8"?>
<!-- Generated by org.testng.reporters.JUnitReportReporter -->
<testsuite skipped="0" hostname="Ankem-PC" name="com.TestNG.DriverMethods" tests="1" failures="0" timestamp="23 Oct 2019 15:39:53 GMT" time="27.249" errors="0">
  <testcase name="launchBrowser" time="27.249" classname="com.TestNG.DriverMethods"/>
</testsuite> <!-- com.TestNG.DriverMethods -->
